This is pdfTeX, Version 3.14159265-2.6-1.40.16 (MiKTeX 2.9) (preloaded format=pdftex 2015.11.12)  22 JUL 2016 12:00
entering extended mode
**C:/Users/user/Desktop/ESA_current/bib/esa.bib
(C:/Users/user/Desktop/ESA_current/bib/esa.bib
Underfull \vbox (badness 10000) has occurred while \output is active
\vbox(643.20255+1.94444)x469.75499, glue set 4.60127
.\glue(\topskip) 3.05556
.\hbox(6.94444+1.94444)x469.75499, glue set - 0.031
..\hbox(0.0+0.0)x20.0
..\tenrm @
..\tenrm a
..\tenrm r
..\tenrm t
..etc.
.\penalty 150
.\glue(\baselineskip) 3.11111
.\hbox(6.94444+1.94444)x469.75499, glue set 0.63536
..\tenrm o
..\tenrm f
..\glue 3.33333 plus 1.66666 minus 1.11111
..\tenrm m
..\tenrm o
..etc.
.etc.

 [1{C:/Users/user/AppData/Local/MiKTeX/2.9/pdftex/config/pdftex.map}]
Underfull \vbox (badness 10000) has occurred while \output is active
\vbox(643.20255+1.94444)x469.75499, glue set 4.60127
.\glue(\topskip) 3.05556
.\hbox(6.94444+1.94444)x469.75499, glue set 0.72157
..\tenrm J
..\tenrm a
..\tenrm m
..\tenrm e
..\tenrm s
..etc.
.\glue(\baselineskip) 3.11111
.\hbox(6.94444+1.94444)x469.75499, glue set 0.22368
..\tenrm E
..\tenrm z
..\tenrm z
..\tenrm a
..\tenrm t
..etc.
.\glue(\baselineskip) 3.11111
.etc.

 [2]
Underfull \vbox (badness 10000) has occurred while \output is active
\vbox(643.20255+1.94444)x469.75499, glue set 9.20255
.\glue(\topskip) 3.05556
.\hbox(6.94444+1.94444)x469.75499, glue set 0.57782
..\tenrm E
..\tenrm N
..\tenrm C
..\tenrm E
..\tenrm ,
..etc.
.\glue(\baselineskip) 3.11111
.\hbox(6.94444+1.94444)x469.75499, glue set 0.10924
..\tenrm B
..\tenrm O
..\kern-0.27779
..\tenrm X
..\glue 3.33333 plus 1.66498 minus 1.11221
..etc.
.\glue(\baselineskip) 2.55556
.etc.

 [3]
Underfull \vbox (badness 2884) has occurred while \output is active
\vbox(643.20255+2.5)x469.75499, glue set 3.06752
.\glue(\topskip) 2.5
.\hbox(7.5+2.5)x469.75499, glue set - 0.53757
..\tenrm =
..\glue 3.33333 plus 1.66666 minus 1.11111
..\tenrm A
..\tenrm r
..\discretionary
...\tenrm -
..etc.
.\glue(\baselineskip) 2.55556
.\hbox(6.94444+1.94444)x469.75499, glue set - 0.07753
..\tenrm &
..\glue 3.33333 plus 1.66666 minus 1.11111
..\tenrm T
..\kern-0.83334
..\tenrm r
..etc.
.\glue(\baselineskip) 3.11111
.etc.

 [4]
Underfull \vbox (badness 2884) has occurred while \output is active
\vbox(643.20255+1.94444)x469.75499, glue set 3.06752
.\glue(\topskip) 2.5
.\hbox(7.5+1.94444)x469.75499, glue set 0.47165
..\tenrm c
..\tenrm o
..\kern-0.27779
..\tenrm v
..\kern-0.27779
..etc.
.\glue(\baselineskip) 3.11111
.\hbox(6.94444+1.94444)x469.75499, glue set 0.90784
..\tenrm t
..\tenrm h
..\tenrm e
..\glue 3.33333 plus 1.66666 minus 1.11111
..\tenrm l
..etc.
.\glue(\baselineskip) 3.11111
.etc.

 [5]
Underfull \vbox (badness 10000) has occurred while \output is active
\vbox(643.20255+1.94444)x469.75499, glue set 9.20255
.\glue(\topskip) 2.5
.\hbox(7.5+2.5)x469.75499, glue set - 0.30931
..\tenrm s
..\tenrm h
..\tenrm o
..\tenrm r
..\tenrm t
..etc.
.\glue(\baselineskip) 2.0
.\hbox(7.5+2.5)x469.75499, glue set - 0.46848
..\tenrm 2
..\tenrm .
..\tenrm 4
..\tenrm %
..\tenrm -
..etc.
.\penalty 100
.etc.

 [6]
Missing character: There is no ï in font cmr10!
Missing character: There is no » in font cmr10!
Missing character: There is no ¿ in font cmr10!
Missing character: There is no ï in font cmr10!
Missing character: There is no » in font cmr10!
Missing character: There is no ¿ in font cmr10!

Underfull \vbox (badness 10000) has occurred while \output is active
\vbox(643.20255+1.94444)x469.75499, glue set 4.60127
.\glue(\topskip) 2.5
.\hbox(7.5+2.5)x469.75499, glue set - 0.78479
..\tenrm E
..\tenrm m
..\tenrm a
..\tenrm i
..\tenrm l
..etc.
.\glue(\baselineskip) 2.55556
.\hbox(6.94444+1.94444)x469.75499, glue set 0.14116
..\tenrm C
..\tenrm o
..\tenrm l
..\tenrm u
..\tenrm m
..etc.
.\glue(\baselineskip) 2.55556
.etc.

 [7]
Underfull \vbox (badness 10000) has occurred while \output is active
\vbox(643.20255+1.94444)x469.75499, glue set 9.20255
.\glue(\topskip) 3.05556
.\hbox(6.94444+1.94444)x469.75499, glue set 0.11182
..\tenrm b
..\tenrm i
..\tenrm a
..\tenrm s
..\tenrm .
..etc.
.\glue(\baselineskip) 3.11111
.\hbox(6.94444+1.94444)x469.75499, glue set 0.56491
..\tenrm s
..\tenrm t
..\tenrm a
..\discretionary
...\tenrm -
..\tenrm t
..etc.
.\glue(\baselineskip) 3.11111
.etc.

 [8]
Underfull \vbox (badness 10000) has occurred while \output is active
\vbox(643.20255+2.5)x469.75499, glue set 9.20255
.\glue(\topskip) 3.05556
.\hbox(6.94444+1.94444)x469.75499, glue set - 0.92368
..\hbox(0.0+0.0)x20.0
..\tenrm @
..\tenrm a
..\tenrm r
..\tenrm t
..etc.
.\penalty 150
.\glue(\baselineskip) 3.11111
.\hbox(6.94444+1.94444)x469.75499, glue set - 0.27547
..\tenrm a
..\glue 3.33333 plus 1.66666 minus 1.11111
..\tenrm r
..\tenrm e
..\discretionary
...\tenrm -
..etc.
.etc.

 [9]
Missing character: There is no ï in font cmr10!
Missing character: There is no » in font cmr10!
Missing character: There is no ¿ in font cmr10!

Underfull \vbox (badness 10000) has occurred while \output is active
\vbox(643.20255+1.94444)x469.75499, glue set 4.60127
.\glue(\topskip) 3.05556
.\hbox(6.94444+1.94444)x469.75499, glue set 0.07242
..\tenrm L
..\tenrm o
..\tenrm n
..\discretionary
...\tenrm -
..\tenrm d
..etc.
.\penalty 100
.\glue(\baselineskip) 3.11111
.\hbox(6.94444+1.94444)x469.75499, glue set - 0.03157
..\tenrm a
..\tenrm b
..\tenrm i
..\tenrm ,
..\glue 3.33333 plus 2.08331 minus 0.88889
..etc.
.etc.

 [10]
Missing character: There is no ï in font cmr10!
Missing character: There is no » in font cmr10!
Missing character: There is no ¿ in font cmr10!
Missing character: There is no â in font cmr10!
Missing character: There is no „ in font cmr10!
Missing character: There is no ¢ in font cmr10!

! Misplaced alignment tab character &.
l.1089 ..., Michelle L.] Yale Univ, Sch Forestry &
                                                   Environm Studies, New Hav...

? 
! Emergency stop.
l.1089 ..., Michelle L.] Yale Univ, Sch Forestry &
                                                   Environm Studies, New Hav...
End of file on the terminal!

!  ==> Fatal error occurred, no output PDF file produced!
